  CNetworking.cpp
d:\backup\dm2210_framework_1\base\cnetworking.cpp(23): warning C4996: 'strcpy': This function or variable may be unsafe. Consider using strcpy_s instead. To disable deprecation, use _CRT_SECURE_NO_WARNINGS. See online help for details.
  c:\program files (x86)\windows kits\10\include\10.0.16299.0\ucrt\string.h(132): note: see declaration of 'strcpy'
  Application.cpp
  SP2.cpp
d:\backup\dm2210_framework_1\base\source\sp2.cpp(213): warning C4305: 'argument': truncation from 'double' to 'float'
d:\backup\dm2210_framework_1\base\source\sp2.cpp(368): warning C4018: '<': signed/unsigned mismatch
d:\backup\dm2210_framework_1\base\source\sp2.cpp(375): warning C4244: 'argument': conversion from 'int' to 'float', possible loss of data
d:\backup\dm2210_framework_1\base\source\sp2.cpp(374): warning C4244: 'argument': conversion from 'int' to 'float', possible loss of data
d:\backup\dm2210_framework_1\base\source\sp2.cpp(379): warning C4244: 'argument': conversion from 'int' to 'float', possible loss of data
d:\backup\dm2210_framework_1\base\source\sp2.cpp(381): warning C4244: 'argument': conversion from 'int' to 'float', possible loss of data
d:\backup\dm2210_framework_1\base\source\sp2.cpp(386): warning C4244: 'argument': conversion from 'int' to 'float', possible loss of data
d:\backup\dm2210_framework_1\base\source\sp2.cpp(388): warning C4244: 'argument': conversion from 'int' to 'float', possible loss of data
d:\backup\dm2210_framework_1\base\source\sp2.cpp(393): warning C4244: 'argument': conversion from 'int' to 'float', possible loss of data
d:\backup\dm2210_framework_1\base\source\sp2.cpp(395): warning C4244: 'argument': conversion from 'int' to 'float', possible loss of data
d:\backup\dm2210_framework_1\base\source\sp2.cpp(404): warning C4244: 'argument': conversion from 'int' to 'float', possible loss of data
d:\backup\dm2210_framework_1\base\source\sp2.cpp(407): warning C4244: 'argument': conversion from 'int' to 'float', possible loss of data
d:\backup\dm2210_framework_1\base\source\sp2.cpp(410): warning C4244: 'argument': conversion from 'int' to 'float', possible loss of data
d:\backup\dm2210_framework_1\base\source\sp2.cpp(436): warning C4018: '<': signed/unsigned mismatch
d:\backup\dm2210_framework_1\base\source\sp2.cpp(643): warning C4018: '<': signed/unsigned mismatch
d:\backup\dm2210_framework_1\base\source\sp2.cpp(971): warning C4244: 'initializing': conversion from 'float' to 'int', possible loss of data
d:\backup\dm2210_framework_1\base\source\sp2.cpp(972): warning C4244: 'initializing': conversion from 'float' to 'int', possible loss of data
d:\backup\dm2210_framework_1\base\source\sp2.cpp(995): warning C4244: 'argument': conversion from 'int' to 'float', possible loss of data
d:\backup\dm2210_framework_1\base\source\sp2.cpp(996): warning C4244: 'argument': conversion from 'int' to 'float', possible loss of data
d:\backup\dm2210_framework_1\base\source\sp2.cpp(1002): warning C4244: 'argument': conversion from 'int' to 'float', possible loss of data
d:\backup\dm2210_framework_1\base\source\sp2.cpp(1003): warning C4244: 'argument': conversion from 'int' to 'float', possible loss of data
d:\backup\dm2210_framework_1\base\source\sp2.cpp(1009): warning C4244: 'argument': conversion from 'int' to 'float', possible loss of data
d:\backup\dm2210_framework_1\base\source\sp2.cpp(1010): warning C4244: 'argument': conversion from 'int' to 'float', possible loss of data
d:\backup\dm2210_framework_1\base\source\sp2.cpp(1028): warning C4244: 'initializing': conversion from 'float' to 'int', possible loss of data
d:\backup\dm2210_framework_1\base\source\sp2.cpp(1029): warning C4244: 'initializing': conversion from 'float' to 'int', possible loss of data
d:\backup\dm2210_framework_1\base\source\sp2.cpp(1052): warning C4244: 'argument': conversion from 'int' to 'float', possible loss of data
d:\backup\dm2210_framework_1\base\source\sp2.cpp(1053): warning C4244: 'argument': conversion from 'int' to 'float', possible loss of data
d:\backup\dm2210_framework_1\base\source\sp2.cpp(1060): warning C4244: 'argument': conversion from 'int' to 'float', possible loss of data
d:\backup\dm2210_framework_1\base\source\sp2.cpp(1061): warning C4244: 'argument': conversion from 'int' to 'float', possible loss of data
d:\backup\dm2210_framework_1\base\source\sp2.cpp(1087): warning C4244: 'argument': conversion from 'int' to 'float', possible loss of data
d:\backup\dm2210_framework_1\base\source\sp2.cpp(1086): warning C4244: 'argument': conversion from 'int' to 'float', possible loss of data
d:\backup\dm2210_framework_1\base\source\sp2.cpp(1091): warning C4244: 'argument': conversion from 'int' to 'float', possible loss of data
d:\backup\dm2210_framework_1\base\source\sp2.cpp(1095): warning C4244: 'argument': conversion from 'int' to 'float', possible loss of data
d:\backup\dm2210_framework_1\base\source\sp2.cpp(1101): warning C4244: 'argument': conversion from 'int' to 'float', possible loss of data
d:\backup\dm2210_framework_1\base\source\sp2.cpp(1105): warning C4244: 'argument': conversion from 'int' to 'float', possible loss of data
d:\backup\dm2210_framework_1\base\source\sp2.cpp(1111): warning C4244: 'argument': conversion from 'int' to 'float', possible loss of data
d:\backup\dm2210_framework_1\base\source\sp2.cpp(1114): warning C4244: 'argument': conversion from 'int' to 'float', possible loss of data
d:\backup\dm2210_framework_1\base\source\sp2.cpp(1123): warning C4244: 'argument': conversion from 'int' to 'float', possible loss of data
d:\backup\dm2210_framework_1\base\source\sp2.cpp(1122): warning C4244: 'argument': conversion from 'int' to 'float', possible loss of data
d:\backup\dm2210_framework_1\base\source\sp2.cpp(1130): warning C4244: 'argument': conversion from 'int' to 'float', possible loss of data
d:\backup\dm2210_framework_1\base\source\sp2.cpp(1133): warning C4244: 'argument': conversion from 'int' to 'float', possible loss of data
d:\backup\dm2210_framework_1\base\source\sp2.cpp(1135): warning C4244: 'argument': conversion from 'int' to 'float', possible loss of data
  Generating code
  277 of 1507 functions (18.4%) were compiled, the rest were copied from previous compilation.
    89 functions were new in current compilation
    121 functions had inline decision re-evaluated but remain unchanged
  Finished generating code
  Base.vcxproj -> D:\backup\DM2210_Framework_1\Release\Base.exe
