c:\users\yanny\onedrive\documents\github\sp3\dm2210_framework_1\common\debug\common.pdb
c:\users\yanny\onedrive\documents\github\sp3\dm2210_framework_1\common\debug\common.idb
c:\users\yanny\onedrive\documents\github\sp3\dm2210_framework_1\common\debug\vector3.obj
c:\users\yanny\onedrive\documents\github\sp3\dm2210_framework_1\common\debug\vector2.obj
c:\users\yanny\onedrive\documents\github\sp3\dm2210_framework_1\common\debug\timer.obj
c:\users\yanny\onedrive\documents\github\sp3\dm2210_framework_1\common\debug\mtx44.obj
c:\users\yanny\onedrive\documents\github\sp3\dm2210_framework_1\common\debug\matrixstack.obj
c:\users\yanny\onedrive\documents\github\sp3\dm2210_framework_1\common\debug\mathutility.obj
d:\github\sp3\dm2210_framework_1\common\debug\common.pdb
d:\github\sp3\dm2210_framework_1\common\debug\common.idb
d:\github\sp3\dm2210_framework_1\common\debug\vector3.obj
d:\github\sp3\dm2210_framework_1\common\debug\vector2.obj
d:\github\sp3\dm2210_framework_1\common\debug\timer.obj
d:\github\sp3\dm2210_framework_1\common\debug\mtx44.obj
d:\github\sp3\dm2210_framework_1\common\debug\matrixstack.obj
d:\github\sp3\dm2210_framework_1\common\debug\mathutility.obj
c:\users\yanny\onedrive\documents\github\sp3\dm2210_framework_1\debug\common.lib
d:\github\sp3\dm2210_framework_1\debug\common.lib
d:\github\sp3\dm2210_framework_1\debug\common.pdb
d:\github\sp3\dm2210_framework_1\common\debug\common.tlog\cl.command.1.tlog
d:\github\sp3\dm2210_framework_1\common\debug\common.tlog\cl.read.1.tlog
d:\github\sp3\dm2210_framework_1\common\debug\common.tlog\cl.write.1.tlog
d:\github\sp3\dm2210_framework_1\common\debug\common.tlog\lib-link.read.1.tlog
d:\github\sp3\dm2210_framework_1\common\debug\common.tlog\lib-link.write.1.tlog
d:\github\sp3\dm2210_framework_1\common\debug\common.tlog\lib.command.1.tlog
