  Application.cpp
  Camera.cpp
  Camera2.cpp
  Camera3.cpp
  CAnimal.cpp
  DepthFBO.cpp
  LoadHmap.cpp
  LoadOBJ.cpp
  LoadTGA.cpp
  main.cpp
  Mesh.cpp
  MeshBuilder.cpp
  Particle.cpp
  PlayerInformation.cpp
  SoundEngine.cpp
  SP2.cpp
c:\users\lkewe\documents\github\sp3\dm2210_framework_1\base\source\sp2.cpp(503): warning C4018: '<': signed/unsigned mismatch
c:\users\lkewe\documents\github\sp3\dm2210_framework_1\base\source\sp2.cpp(781): warning C4244: 'initializing': conversion from 'float' to 'int', possible loss of data
c:\users\lkewe\documents\github\sp3\dm2210_framework_1\base\source\sp2.cpp(782): warning C4244: 'initializing': conversion from 'float' to 'int', possible loss of data
c:\users\lkewe\documents\github\sp3\dm2210_framework_1\base\source\sp2.cpp(805): warning C4244: 'argument': conversion from 'int' to 'float', possible loss of data
c:\users\lkewe\documents\github\sp3\dm2210_framework_1\base\source\sp2.cpp(806): warning C4244: 'argument': conversion from 'int' to 'float', possible loss of data
c:\users\lkewe\documents\github\sp3\dm2210_framework_1\base\source\sp2.cpp(812): warning C4244: 'argument': conversion from 'int' to 'float', possible loss of data
c:\users\lkewe\documents\github\sp3\dm2210_framework_1\base\source\sp2.cpp(813): warning C4244: 'argument': conversion from 'int' to 'float', possible loss of data
c:\users\lkewe\documents\github\sp3\dm2210_framework_1\base\source\sp2.cpp(819): warning C4244: 'argument': conversion from 'int' to 'float', possible loss of data
c:\users\lkewe\documents\github\sp3\dm2210_framework_1\base\source\sp2.cpp(820): warning C4244: 'argument': conversion from 'int' to 'float', possible loss of data
c:\users\lkewe\documents\github\sp3\dm2210_framework_1\base\source\sp2.cpp(838): warning C4244: 'initializing': conversion from 'float' to 'int', possible loss of data
c:\users\lkewe\documents\github\sp3\dm2210_framework_1\base\source\sp2.cpp(839): warning C4244: 'initializing': conversion from 'float' to 'int', possible loss of data
c:\users\lkewe\documents\github\sp3\dm2210_framework_1\base\source\sp2.cpp(862): warning C4244: 'argument': conversion from 'int' to 'float', possible loss of data
c:\users\lkewe\documents\github\sp3\dm2210_framework_1\base\source\sp2.cpp(863): warning C4244: 'argument': conversion from 'int' to 'float', possible loss of data
c:\users\lkewe\documents\github\sp3\dm2210_framework_1\base\source\sp2.cpp(870): warning C4244: 'argument': conversion from 'int' to 'float', possible loss of data
c:\users\lkewe\documents\github\sp3\dm2210_framework_1\base\source\sp2.cpp(871): warning C4244: 'argument': conversion from 'int' to 'float', possible loss of data
  shader.cpp
  SpriteAnimation.cpp
  Utility.cpp
  World.cpp
  Generating code
  1211 of 1213 functions (99.8%) were compiled, the rest were copied from previous compilation.
    84 functions were new in current compilation
    0 functions had inline decision re-evaluated but remain unchanged
  Finished generating code
  Base.vcxproj -> C:\Users\Lkewe\Documents\GitHub\SP3\DM2210_Framework_1\Release\Base.exe
