c:\users\183266t\documents\github\sp3\dm2210_framework_1\release\base.ipdb
c:\users\183266t\documents\github\sp3\dm2210_framework_1\release\base.iobj
c:\users\183266t\documents\github\sp3\dm2210_framework_1\base\release\vc141.pdb
c:\users\183266t\documents\github\sp3\dm2210_framework_1\base\release\particle.obj
c:\users\183266t\documents\github\sp3\dm2210_framework_1\base\release\meshbuilder.obj
c:\users\183266t\documents\github\sp3\dm2210_framework_1\base\release\mesh.obj
c:\users\183266t\documents\github\sp3\dm2210_framework_1\base\release\main.obj
c:\users\183266t\documents\github\sp3\dm2210_framework_1\base\release\loadtga.obj
c:\users\183266t\documents\github\sp3\dm2210_framework_1\base\release\loadobj.obj
c:\users\183266t\documents\github\sp3\dm2210_framework_1\base\release\loadhmap.obj
c:\users\183266t\documents\github\sp3\dm2210_framework_1\base\release\item.obj
c:\users\183266t\documents\github\sp3\dm2210_framework_1\base\release\furnace.obj
c:\users\183266t\documents\github\sp3\dm2210_framework_1\base\release\entity.obj
c:\users\183266t\documents\github\sp3\dm2210_framework_1\base\release\droppeditem.obj
c:\users\183266t\documents\github\sp3\dm2210_framework_1\base\release\depthfbo.obj
c:\users\183266t\documents\github\sp3\dm2210_framework_1\base\release\crops.obj
c:\users\183266t\documents\github\sp3\dm2210_framework_1\base\release\cenemy.obj
c:\users\183266t\documents\github\sp3\dm2210_framework_1\base\release\canimal.obj
c:\users\183266t\documents\github\sp3\dm2210_framework_1\base\release\camera3.obj
c:\users\183266t\documents\github\sp3\dm2210_framework_1\base\release\camera2.obj
c:\users\183266t\documents\github\sp3\dm2210_framework_1\base\release\camera.obj
c:\users\183266t\documents\github\sp3\dm2210_framework_1\base\release\bush.obj
c:\users\183266t\documents\github\sp3\dm2210_framework_1\base\release\application.obj
c:\users\183266t\documents\github\sp3\dm2210_framework_1\base\release\weapons.obj
c:\users\183266t\documents\github\sp3\dm2210_framework_1\base\release\utility.obj
c:\users\183266t\documents\github\sp3\dm2210_framework_1\base\release\sword.obj
c:\users\183266t\documents\github\sp3\dm2210_framework_1\base\release\spriteanimation.obj
c:\users\183266t\documents\github\sp3\dm2210_framework_1\base\release\shader.obj
c:\users\183266t\documents\github\sp3\dm2210_framework_1\base\release\sp2.obj
c:\users\183266t\documents\github\sp3\dm2210_framework_1\base\release\soundengine.obj
c:\users\183266t\documents\github\sp3\dm2210_framework_1\base\release\season.obj
c:\users\183266t\documents\github\sp3\dm2210_framework_1\base\release\projectile.obj
c:\users\183266t\documents\github\sp3\dm2210_framework_1\base\release\playerinformation.obj
c:\users\183266t\documents\github\sp3\dm2210_framework_1\base\release\physics.obj
c:\users\183266t\documents\github\sp3\dm2210_framework_1\release\base.exe
c:\users\183266t\documents\github\sp3\dm2210_framework_1\release\base.pdb
c:\users\183266t\documents\github\sp3\dm2210_framework_1\base\release\base.tlog\base.write.1u.tlog
c:\users\183266t\documents\github\sp3\dm2210_framework_1\base\release\base.tlog\cl.command.1.tlog
c:\users\183266t\documents\github\sp3\dm2210_framework_1\base\release\base.tlog\cl.read.1.tlog
c:\users\183266t\documents\github\sp3\dm2210_framework_1\base\release\base.tlog\cl.write.1.tlog
c:\users\183266t\documents\github\sp3\dm2210_framework_1\base\release\base.tlog\link.command.1.tlog
c:\users\183266t\documents\github\sp3\dm2210_framework_1\base\release\base.tlog\link.read.1.tlog
c:\users\183266t\documents\github\sp3\dm2210_framework_1\base\release\base.tlog\link.write.1.tlog
