  main.cpp
c:\users\180776n\desktop\serversp3\serversp3\networking.h(44): warning C4267: 'initializing': conversion from 'size_t' to 'int', possible loss of data
c:\users\180776n\desktop\serversp3\serversp3\main.cpp(36): warning C4267: 'return': conversion from 'size_t' to 'int', possible loss of data
  Networking.cpp
c:\users\180776n\desktop\serversp3\serversp3\networking.h(44): warning C4267: 'initializing': conversion from 'size_t' to 'int', possible loss of data
c:\users\180776n\desktop\serversp3\serversp3\networking.cpp(32): warning C4267: 'argument': conversion from 'size_t' to 'int', possible loss of data
c:\users\180776n\desktop\serversp3\serversp3\networking.cpp(35): warning C4267: 'argument': conversion from 'size_t' to 'int', possible loss of data
c:\users\180776n\desktop\serversp3\serversp3\networking.cpp(106): warning C4267: 'argument': conversion from 'size_t' to 'const _Ty', possible loss of data
          with
          [
              _Ty=int
          ]
c:\users\180776n\desktop\serversp3\serversp3\networking.cpp(144): warning C4311: 'type cast': pointer truncation from 'char *' to 'int'
c:\users\180776n\desktop\serversp3\serversp3\networking.cpp(144): warning C4302: 'type cast': truncation from 'char *' to 'int'
c:\users\180776n\desktop\serversp3\serversp3\networking.cpp(146): warning C4311: 'type cast': pointer truncation from 'char *' to 'int'
c:\users\180776n\desktop\serversp3\serversp3\networking.cpp(146): warning C4302: 'type cast': truncation from 'char *' to 'int'
  Generating code
c:\users\180776n\desktop\serversp3\serversp3\main.cpp(40): warning C4715: 'print': not all control paths return a value
  All 405 functions were compiled because no usable IPDB/IOBJ from previous compilation was found.
  Finished generating code
  ServerSP3.vcxproj -> C:\Users\180776N\Desktop\ServerSP3\x64\Release\ServerSP3.exe
