c:\users\gary quah\downloads\dm2210_framework_1\dm2210_framework_1\base\debug\vc141.pdb
c:\users\gary quah\downloads\dm2210_framework_1\dm2210_framework_1\base\debug\vc141.idb
c:\users\gary quah\downloads\dm2210_framework_1\dm2210_framework_1\base\debug\spriteanimation.obj
c:\users\gary quah\downloads\dm2210_framework_1\dm2210_framework_1\base\debug\shader.obj
c:\users\gary quah\downloads\dm2210_framework_1\dm2210_framework_1\base\debug\scenetext.obj
c:\users\gary quah\downloads\dm2210_framework_1\dm2210_framework_1\base\debug\sceneskybox.obj
c:\users\gary quah\downloads\dm2210_framework_1\dm2210_framework_1\base\debug\sceneshadow.obj
c:\users\gary quah\downloads\dm2210_framework_1\dm2210_framework_1\base\debug\scenelight2.obj
c:\users\gary quah\downloads\dm2210_framework_1\dm2210_framework_1\base\debug\scenelight.obj
c:\users\gary quah\downloads\dm2210_framework_1\dm2210_framework_1\base\debug\sceneassign1.obj
c:\users\gary quah\downloads\dm2210_framework_1\dm2210_framework_1\base\debug\particle.obj
c:\users\gary quah\downloads\dm2210_framework_1\dm2210_framework_1\base\debug\meshbuilder.obj
c:\users\gary quah\downloads\dm2210_framework_1\dm2210_framework_1\base\debug\mesh.obj
c:\users\gary quah\downloads\dm2210_framework_1\dm2210_framework_1\base\debug\main.obj
c:\users\gary quah\downloads\dm2210_framework_1\dm2210_framework_1\base\debug\loadtga.obj
c:\users\gary quah\downloads\dm2210_framework_1\dm2210_framework_1\base\debug\loadobj.obj
c:\users\gary quah\downloads\dm2210_framework_1\dm2210_framework_1\base\debug\loadhmap.obj
c:\users\gary quah\downloads\dm2210_framework_1\dm2210_framework_1\base\debug\depthfbo.obj
c:\users\gary quah\downloads\dm2210_framework_1\dm2210_framework_1\base\debug\camera3.obj
c:\users\gary quah\downloads\dm2210_framework_1\dm2210_framework_1\base\debug\camera2.obj
c:\users\gary quah\downloads\dm2210_framework_1\dm2210_framework_1\base\debug\camera.obj
c:\users\gary quah\downloads\dm2210_framework_1\dm2210_framework_1\base\debug\application.obj
c:\users\gary quah\downloads\dm2210_framework_1\dm2210_framework_1\base\debug\utility.obj
c:\users\gary quah\downloads\dm2210_framework_1\dm2210_framework_1\base\debug\sp2.obj
d:\github\sp3\dm2210_framework_1\base\debug\vc141.pdb
d:\github\sp3\dm2210_framework_1\base\debug\vc141.idb
d:\github\sp3\dm2210_framework_1\base\debug\world.obj
d:\github\sp3\dm2210_framework_1\base\debug\utility.obj
d:\github\sp3\dm2210_framework_1\base\debug\spriteanimation.obj
d:\github\sp3\dm2210_framework_1\base\debug\shader.obj
d:\github\sp3\dm2210_framework_1\base\debug\sp2.obj
d:\github\sp3\dm2210_framework_1\base\debug\soundengine.obj
d:\github\sp3\dm2210_framework_1\base\debug\playerinformation.obj
d:\github\sp3\dm2210_framework_1\base\debug\particle.obj
d:\github\sp3\dm2210_framework_1\base\debug\meshbuilder.obj
d:\github\sp3\dm2210_framework_1\base\debug\mesh.obj
d:\github\sp3\dm2210_framework_1\base\debug\main.obj
d:\github\sp3\dm2210_framework_1\base\debug\loadtga.obj
d:\github\sp3\dm2210_framework_1\base\debug\loadobj.obj
d:\github\sp3\dm2210_framework_1\base\debug\loadhmap.obj
d:\github\sp3\dm2210_framework_1\base\debug\depthfbo.obj
d:\github\sp3\dm2210_framework_1\base\debug\camera3.obj
d:\github\sp3\dm2210_framework_1\base\debug\camera2.obj
d:\github\sp3\dm2210_framework_1\base\debug\camera.obj
d:\github\sp3\dm2210_framework_1\base\debug\application.obj
d:\github\sp3\dm2210_framework_1\base\debug\season.obj
d:\github\sp3\dm2210_framework_1\base\debug\item.obj
d:\github\sp3\dm2210_framework_1\base\debug\furnace.obj
d:\github\sp3\dm2210_framework_1\base\debug\canimal.obj
c:\users\lkewe\documents\github\sp3\dm2210_framework_1\base\debug\vc141.pdb
c:\users\lkewe\documents\github\sp3\dm2210_framework_1\base\debug\vc141.idb
c:\users\lkewe\documents\github\sp3\dm2210_framework_1\base\debug\season.obj
c:\users\lkewe\documents\github\sp3\dm2210_framework_1\base\debug\playerinformation.obj
c:\users\lkewe\documents\github\sp3\dm2210_framework_1\base\debug\physics.obj
c:\users\lkewe\documents\github\sp3\dm2210_framework_1\base\debug\particle.obj
c:\users\lkewe\documents\github\sp3\dm2210_framework_1\base\debug\meshbuilder.obj
c:\users\lkewe\documents\github\sp3\dm2210_framework_1\base\debug\mesh.obj
c:\users\lkewe\documents\github\sp3\dm2210_framework_1\base\debug\main.obj
c:\users\lkewe\documents\github\sp3\dm2210_framework_1\base\debug\loadtga.obj
c:\users\lkewe\documents\github\sp3\dm2210_framework_1\base\debug\loadobj.obj
c:\users\lkewe\documents\github\sp3\dm2210_framework_1\base\debug\loadhmap.obj
c:\users\lkewe\documents\github\sp3\dm2210_framework_1\base\debug\item.obj
c:\users\lkewe\documents\github\sp3\dm2210_framework_1\base\debug\furnace.obj
c:\users\lkewe\documents\github\sp3\dm2210_framework_1\base\debug\entity.obj
c:\users\lkewe\documents\github\sp3\dm2210_framework_1\base\debug\depthfbo.obj
c:\users\lkewe\documents\github\sp3\dm2210_framework_1\base\debug\crops.obj
c:\users\lkewe\documents\github\sp3\dm2210_framework_1\base\debug\canimal.obj
c:\users\lkewe\documents\github\sp3\dm2210_framework_1\base\debug\camera3.obj
c:\users\lkewe\documents\github\sp3\dm2210_framework_1\base\debug\camera2.obj
c:\users\lkewe\documents\github\sp3\dm2210_framework_1\base\debug\camera.obj
c:\users\lkewe\documents\github\sp3\dm2210_framework_1\base\debug\application.obj
c:\users\lkewe\documents\github\sp3\dm2210_framework_1\base\debug\weapons.obj
c:\users\lkewe\documents\github\sp3\dm2210_framework_1\base\debug\utility.obj
c:\users\lkewe\documents\github\sp3\dm2210_framework_1\base\debug\sword.obj
c:\users\lkewe\documents\github\sp3\dm2210_framework_1\base\debug\spriteanimation.obj
c:\users\lkewe\documents\github\sp3\dm2210_framework_1\base\debug\shader.obj
c:\users\lkewe\documents\github\sp3\dm2210_framework_1\base\debug\sp2.obj
c:\users\lkewe\documents\github\sp3\dm2210_framework_1\base\debug\soundengine.obj
c:\users\gary quah\downloads\dm2210_framework_1\dm2210_framework_1\debug\base.exe
c:\users\gary quah\downloads\dm2210_framework_1\dm2210_framework_1\debug\base.pdb
c:\users\lkewe\documents\github\sp3\dm2210_framework_1\base\debug\sceneassign1.obj
c:\users\lkewe\documents\github\sp3\dm2210_framework_1\base\debug\scenelight.obj
c:\users\lkewe\documents\github\sp3\dm2210_framework_1\base\debug\scenelight2.obj
c:\users\lkewe\documents\github\sp3\dm2210_framework_1\base\debug\sceneshadow.obj
c:\users\lkewe\documents\github\sp3\dm2210_framework_1\base\debug\sceneskybox.obj
c:\users\lkewe\documents\github\sp3\dm2210_framework_1\base\debug\scenetext.obj
c:\users\lkewe\documents\github\sp3\dm2210_framework_1\base\debug\world.obj
c:\users\lkewe\documents\github\sp3\dm2210_framework_1\debug\base.pdb
c:\users\lkewe\documents\github\sp3\dm2210_framework_1\base\debug\base.tlog\cl.command.1.tlog
c:\users\lkewe\documents\github\sp3\dm2210_framework_1\base\debug\base.tlog\cl.read.1.tlog
c:\users\lkewe\documents\github\sp3\dm2210_framework_1\base\debug\base.tlog\cl.write.1.tlog
c:\users\lkewe\documents\github\sp3\dm2210_framework_1\base\debug\base.tlog\link-cvtres.read.1.tlog
c:\users\lkewe\documents\github\sp3\dm2210_framework_1\base\debug\base.tlog\link-cvtres.write.1.tlog
c:\users\lkewe\documents\github\sp3\dm2210_framework_1\base\debug\base.tlog\link-rc.read.1.tlog
c:\users\lkewe\documents\github\sp3\dm2210_framework_1\base\debug\base.tlog\link-rc.write.1.tlog
c:\users\lkewe\documents\github\sp3\dm2210_framework_1\base\debug\base.tlog\link.command.1.tlog
c:\users\lkewe\documents\github\sp3\dm2210_framework_1\base\debug\base.tlog\link.read.1.tlog
c:\users\lkewe\documents\github\sp3\dm2210_framework_1\base\debug\base.tlog\link.write.1.tlog
