  Application.cpp
  Bush.cpp
  Camera.cpp
  Camera2.cpp
  Camera3.cpp
  CAnimal.cpp
d:\github\sp3\dm2210_framework_1\base\source\canimal.cpp(224): warning C4244: '-=': conversion from 'double' to 'float', possible loss of data
d:\github\sp3\dm2210_framework_1\base\source\canimal.cpp(260): warning C4244: '+=': conversion from 'double' to 'float', possible loss of data
  CEnemy.cpp
d:\github\sp3\dm2210_framework_1\base\source\cenemy.cpp(190): warning C4244: '-=': conversion from 'double' to 'float', possible loss of data
  Crops.cpp
  DepthFBO.cpp
  Entity.cpp
  Furnace.cpp
d:\github\sp3\dm2210_framework_1\base\source\furnace.cpp(231): warning C4018: '<': signed/unsigned mismatch
d:\github\sp3\dm2210_framework_1\base\source\furnace.cpp(247): warning C4018: '<': signed/unsigned mismatch
d:\github\sp3\dm2210_framework_1\base\source\furnace.cpp(265): warning C4018: '<': signed/unsigned mismatch
d:\github\sp3\dm2210_framework_1\base\source\furnace.cpp(281): warning C4018: '<': signed/unsigned mismatch
  Item.cpp
  LoadHmap.cpp
  LoadOBJ.cpp
  LoadTGA.cpp
  main.cpp
  Mesh.cpp
  MeshBuilder.cpp
  Particle.cpp
  Physics.cpp
d:\github\sp3\dm2210_framework_1\base\source\physics.cpp(136): warning C4244: 'argument': conversion from 'double' to 'float', possible loss of data
d:\github\sp3\dm2210_framework_1\base\source\physics.cpp(151): warning C4244: 'argument': conversion from 'double' to 'float', possible loss of data
d:\github\sp3\dm2210_framework_1\base\source\physics.cpp(178): warning C4244: 'argument': conversion from 'double' to 'float', possible loss of data
d:\github\sp3\dm2210_framework_1\base\source\physics.cpp(193): warning C4244: 'argument': conversion from 'double' to 'float', possible loss of data
  Generating Code...
  Compiling...
  PlayerInformation.cpp
d:\github\sp3\dm2210_framework_1\base\source\playerinformation.cpp(56): warning C4018: '<': signed/unsigned mismatch
d:\github\sp3\dm2210_framework_1\base\source\playerinformation.cpp(59): warning C4018: '<': signed/unsigned mismatch
d:\github\sp3\dm2210_framework_1\base\source\playerinformation.cpp(84): warning C4018: '<': signed/unsigned mismatch
d:\github\sp3\dm2210_framework_1\base\source\playerinformation.cpp(90): warning C4018: '<': signed/unsigned mismatch
d:\github\sp3\dm2210_framework_1\base\source\playerinformation.cpp(132): warning C4244: '=': conversion from 'double' to 'float', possible loss of data
d:\github\sp3\dm2210_framework_1\base\source\playerinformation.cpp(157): warning C4018: '<': signed/unsigned mismatch
d:\github\sp3\dm2210_framework_1\base\source\playerinformation.cpp(168): warning C4018: '<': signed/unsigned mismatch
d:\github\sp3\dm2210_framework_1\base\source\playerinformation.cpp(288): warning C4018: '<': signed/unsigned mismatch
d:\github\sp3\dm2210_framework_1\base\source\playerinformation.cpp(411): warning C4018: '>': signed/unsigned mismatch
d:\github\sp3\dm2210_framework_1\base\source\playerinformation.cpp(416): warning C4244: '+=': conversion from 'double' to 'float', possible loss of data
d:\github\sp3\dm2210_framework_1\base\source\playerinformation.cpp(424): warning C4244: '-=': conversion from 'double' to 'float', possible loss of data
d:\github\sp3\dm2210_framework_1\base\source\playerinformation.cpp(434): warning C4244: '-=': conversion from 'double' to 'float', possible loss of data
  Projectile.cpp
d:\github\sp3\dm2210_framework_1\base\source\projectile.cpp(31): warning C4244: '+=': conversion from 'double' to 'float', possible loss of data
  Season.cpp
d:\github\sp3\dm2210_framework_1\base\source\season.cpp(18): warning C4244: '+=': conversion from 'double' to 'float', possible loss of data
d:\github\sp3\dm2210_framework_1\base\source\season.cpp(53): warning C4244: 'return': conversion from 'float' to 'int', possible loss of data
  SoundEngine.cpp
  SP2.cpp
d:\github\sp3\dm2210_framework_1\base\source\sp2.cpp(48): warning C4018: '<': signed/unsigned mismatch
d:\github\sp3\dm2210_framework_1\base\source\sp2.cpp(63): warning C4018: '<': signed/unsigned mismatch
d:\github\sp3\dm2210_framework_1\base\source\sp2.cpp(337): warning C4244: '=': conversion from 'float' to 'int', possible loss of data
d:\github\sp3\dm2210_framework_1\base\source\sp2.cpp(338): warning C4244: '=': conversion from 'float' to 'int', possible loss of data
d:\github\sp3\dm2210_framework_1\base\source\sp2.cpp(340): warning C4244: '=': conversion from 'float' to 'int', possible loss of data
d:\github\sp3\dm2210_framework_1\base\source\sp2.cpp(341): warning C4244: '=': conversion from 'float' to 'int', possible loss of data
d:\github\sp3\dm2210_framework_1\base\source\sp2.cpp(836): warning C4018: '<': signed/unsigned mismatch
d:\github\sp3\dm2210_framework_1\base\source\sp2.cpp(843): warning C4244: 'argument': conversion from 'int' to 'float', possible loss of data
d:\github\sp3\dm2210_framework_1\base\source\sp2.cpp(842): warning C4244: 'argument': conversion from 'int' to 'float', possible loss of data
d:\github\sp3\dm2210_framework_1\base\source\sp2.cpp(847): warning C4244: 'argument': conversion from 'int' to 'float', possible loss of data
d:\github\sp3\dm2210_framework_1\base\source\sp2.cpp(849): warning C4244: 'argument': conversion from 'int' to 'float', possible loss of data
d:\github\sp3\dm2210_framework_1\base\source\sp2.cpp(854): warning C4244: 'argument': conversion from 'int' to 'float', possible loss of data
d:\github\sp3\dm2210_framework_1\base\source\sp2.cpp(856): warning C4244: 'argument': conversion from 'int' to 'float', possible loss of data
d:\github\sp3\dm2210_framework_1\base\source\sp2.cpp(861): warning C4244: 'argument': conversion from 'int' to 'float', possible loss of data
d:\github\sp3\dm2210_framework_1\base\source\sp2.cpp(863): warning C4244: 'argument': conversion from 'int' to 'float', possible loss of data
d:\github\sp3\dm2210_framework_1\base\source\sp2.cpp(872): warning C4244: 'argument': conversion from 'int' to 'float', possible loss of data
d:\github\sp3\dm2210_framework_1\base\source\sp2.cpp(875): warning C4244: 'argument': conversion from 'int' to 'float', possible loss of data
d:\github\sp3\dm2210_framework_1\base\source\sp2.cpp(878): warning C4244: 'argument': conversion from 'int' to 'float', possible loss of data
d:\github\sp3\dm2210_framework_1\base\source\sp2.cpp(910): warning C4244: '=': conversion from 'float' to 'int', possible loss of data
d:\github\sp3\dm2210_framework_1\base\source\sp2.cpp(911): warning C4244: '=': conversion from 'float' to 'int', possible loss of data
d:\github\sp3\dm2210_framework_1\base\source\sp2.cpp(913): warning C4244: '=': conversion from 'float' to 'int', possible loss of data
d:\github\sp3\dm2210_framework_1\base\source\sp2.cpp(914): warning C4244: '=': conversion from 'float' to 'int', possible loss of data
d:\github\sp3\dm2210_framework_1\base\source\sp2.cpp(920): warning C4244: 'initializing': conversion from 'float' to 'int', possible loss of data
d:\github\sp3\dm2210_framework_1\base\source\sp2.cpp(921): warning C4244: 'initializing': conversion from 'float' to 'int', possible loss of data
d:\github\sp3\dm2210_framework_1\base\source\sp2.cpp(1003): warning C4244: '+=': conversion from 'double' to 'float', possible loss of data
d:\github\sp3\dm2210_framework_1\base\source\sp2.cpp(1009): warning C4305: '=': truncation from 'double' to 'float'
d:\github\sp3\dm2210_framework_1\base\source\sp2.cpp(1046): warning C4244: '-=': conversion from 'double' to 'float', possible loss of data
d:\github\sp3\dm2210_framework_1\base\source\sp2.cpp(1062): warning C4244: '-=': conversion from 'double' to 'float', possible loss of data
d:\github\sp3\dm2210_framework_1\base\source\sp2.cpp(1074): warning C4244: '+=': conversion from 'double' to 'float', possible loss of data
d:\github\sp3\dm2210_framework_1\base\source\sp2.cpp(1089): warning C4244: '-=': conversion from 'double' to 'float', possible loss of data
d:\github\sp3\dm2210_framework_1\base\source\sp2.cpp(1160): warning C4018: '<': signed/unsigned mismatch
d:\github\sp3\dm2210_framework_1\base\source\sp2.cpp(1183): warning C4244: 'initializing': conversion from 'float' to 'int', possible loss of data
d:\github\sp3\dm2210_framework_1\base\source\sp2.cpp(1184): warning C4244: 'initializing': conversion from 'float' to 'int', possible loss of data
d:\github\sp3\dm2210_framework_1\base\source\sp2.cpp(1193): warning C4244: 'initializing': conversion from 'float' to 'int', possible loss of data
d:\github\sp3\dm2210_framework_1\base\source\sp2.cpp(1194): warning C4244: 'initializing': conversion from 'float' to 'int', possible loss of data
d:\github\sp3\dm2210_framework_1\base\source\sp2.cpp(1202): warning C4244: 'initializing': conversion from 'float' to 'int', possible loss of data
d:\github\sp3\dm2210_framework_1\base\source\sp2.cpp(1203): warning C4244: 'initializing': conversion from 'float' to 'int', possible loss of data
d:\github\sp3\dm2210_framework_1\base\source\sp2.cpp(1215): warning C4244: 'initializing': conversion from 'float' to 'int', possible loss of data
d:\github\sp3\dm2210_framework_1\base\source\sp2.cpp(1216): warning C4244: 'initializing': conversion from 'float' to 'int', possible loss of data
d:\github\sp3\dm2210_framework_1\base\source\sp2.cpp(1233): warning C4244: 'initializing': conversion from 'float' to 'int', possible loss of data
d:\github\sp3\dm2210_framework_1\base\source\sp2.cpp(1234): warning C4244: 'initializing': conversion from 'float' to 'int', possible loss of data
d:\github\sp3\dm2210_framework_1\base\source\sp2.cpp(1282): warning C4244: '+=': conversion from 'double' to 'float', possible loss of data
d:\github\sp3\dm2210_framework_1\base\source\sp2.cpp(1335): warning C4244: 'argument': conversion from 'double' to 'float', possible loss of data
d:\github\sp3\dm2210_framework_1\base\source\sp2.cpp(1350): warning C4244: 'argument': conversion from 'double' to 'float', possible loss of data
d:\github\sp3\dm2210_framework_1\base\source\sp2.cpp(1566): warning C4018: '<': signed/unsigned mismatch
d:\github\sp3\dm2210_framework_1\base\source\sp2.cpp(1676): warning C4244: 'argument': conversion from 'double' to 'int', possible loss of data
d:\github\sp3\dm2210_framework_1\base\source\sp2.cpp(1739): warning C4244: '+=': conversion from 'double' to 'float', possible loss of data
d:\github\sp3\dm2210_framework_1\base\source\sp2.cpp(2023): warning C4018: '<': signed/unsigned mismatch
d:\github\sp3\dm2210_framework_1\base\source\sp2.cpp(2061): warning C4244: 'argument': conversion from 'double' to 'float', possible loss of data
d:\github\sp3\dm2210_framework_1\base\source\sp2.cpp(2561): warning C4244: 'argument': conversion from 'int' to 'float', possible loss of data
d:\github\sp3\dm2210_framework_1\base\source\sp2.cpp(2560): warning C4244: 'argument': conversion from 'int' to 'float', possible loss of data
d:\github\sp3\dm2210_framework_1\base\source\sp2.cpp(2565): warning C4244: 'argument': conversion from 'int' to 'float', possible loss of data
d:\github\sp3\dm2210_framework_1\base\source\sp2.cpp(2569): warning C4244: 'argument': conversion from 'int' to 'float', possible loss of data
d:\github\sp3\dm2210_framework_1\base\source\sp2.cpp(2575): warning C4244: 'argument': conversion from 'int' to 'float', possible loss of data
d:\github\sp3\dm2210_framework_1\base\source\sp2.cpp(2579): warning C4244: 'argument': conversion from 'int' to 'float', possible loss of data
d:\github\sp3\dm2210_framework_1\base\source\sp2.cpp(2585): warning C4244: 'argument': conversion from 'int' to 'float', possible loss of data
d:\github\sp3\dm2210_framework_1\base\source\sp2.cpp(2588): warning C4244: 'argument': conversion from 'int' to 'float', possible loss of data
d:\github\sp3\dm2210_framework_1\base\source\sp2.cpp(2597): warning C4244: 'argument': conversion from 'int' to 'float', possible loss of data
d:\github\sp3\dm2210_framework_1\base\source\sp2.cpp(2596): warning C4244: 'argument': conversion from 'int' to 'float', possible loss of data
d:\github\sp3\dm2210_framework_1\base\source\sp2.cpp(2604): warning C4244: 'argument': conversion from 'int' to 'float', possible loss of data
d:\github\sp3\dm2210_framework_1\base\source\sp2.cpp(2607): warning C4244: 'argument': conversion from 'int' to 'float', possible loss of data
d:\github\sp3\dm2210_framework_1\base\source\sp2.cpp(2609): warning C4244: 'argument': conversion from 'int' to 'float', possible loss of data
d:\github\sp3\dm2210_framework_1\base\source\sp2.cpp(2620): warning C4244: 'argument': conversion from 'int' to 'float', possible loss of data
d:\github\sp3\dm2210_framework_1\base\source\sp2.cpp(2626): warning C4244: 'argument': conversion from 'int' to 'float', possible loss of data
d:\github\sp3\dm2210_framework_1\base\source\sp2.cpp(2629): warning C4244: 'argument': conversion from 'int' to 'float', possible loss of data
d:\github\sp3\dm2210_framework_1\base\source\sp2.cpp(2638): warning C4244: 'argument': conversion from 'int' to 'float', possible loss of data
d:\github\sp3\dm2210_framework_1\base\source\sp2.cpp(2644): warning C4244: 'argument': conversion from 'int' to 'float', possible loss of data
d:\github\sp3\dm2210_framework_1\base\source\sp2.cpp(2647): warning C4244: 'argument': conversion from 'int' to 'float', possible loss of data
d:\github\sp3\dm2210_framework_1\base\source\sp2.cpp(2656): warning C4244: 'argument': conversion from 'int' to 'float', possible loss of data
d:\github\sp3\dm2210_framework_1\base\source\sp2.cpp(2661): warning C4244: 'argument': conversion from 'int' to 'float', possible loss of data
d:\github\sp3\dm2210_framework_1\base\source\sp2.cpp(2681): warning C4244: 'argument': conversion from 'int' to 'float', possible loss of data
d:\github\sp3\dm2210_framework_1\base\source\sp2.cpp(2753): warning C4305: 'argument': truncation from 'double' to 'float'
d:\github\sp3\dm2210_framework_1\base\source\sp2.cpp(2758): warning C4305: 'argument': truncation from 'double' to 'float'
d:\github\sp3\dm2210_framework_1\base\source\sp2.cpp(2763): warning C4305: 'argument': truncation from 'double' to 'float'
d:\github\sp3\dm2210_framework_1\base\source\sp2.cpp(2829): warning C4244: 'argument': conversion from 'int' to 'float', possible loss of data
d:\github\sp3\dm2210_framework_1\base\source\sp2.cpp(2831): warning C4244: 'argument': conversion from 'int' to 'float', possible loss of data
d:\github\sp3\dm2210_framework_1\base\source\sp2.cpp(2832): warning C4244: 'argument': conversion from 'int' to 'float', possible loss of data
d:\github\sp3\dm2210_framework_1\base\source\sp2.cpp(2839): warning C4244: 'argument': conversion from 'int' to 'float', possible loss of data
d:\github\sp3\dm2210_framework_1\base\source\sp2.cpp(2992): warning C4244: 'argument': conversion from 'int' to 'float', possible loss of data
d:\github\sp3\dm2210_framework_1\base\source\sp2.cpp(2996): warning C4244: 'argument': conversion from 'int' to 'float', possible loss of data
d:\github\sp3\dm2210_framework_1\base\source\sp2.cpp(3013): warning C4244: 'argument': conversion from 'int' to 'float', possible loss of data
d:\github\sp3\dm2210_framework_1\base\source\sp2.cpp(3038): warning C4018: '<': signed/unsigned mismatch
d:\github\sp3\dm2210_framework_1\base\source\sp2.cpp(3044): warning C4018: '<': signed/unsigned mismatch
d:\github\sp3\dm2210_framework_1\base\source\sp2.cpp(3049): warning C4018: '<': signed/unsigned mismatch
d:\github\sp3\dm2210_framework_1\base\source\sp2.cpp(3054): warning C4018: '<': signed/unsigned mismatch
d:\github\sp3\dm2210_framework_1\base\source\sp2.cpp(3059): warning C4018: '<': signed/unsigned mismatch
  shader.cpp
  SpriteAnimation.cpp
  Sword.cpp
d:\github\sp3\dm2210_framework_1\base\source\sword.cpp(17): warning C4305: '=': truncation from 'double' to 'float'
d:\github\sp3\dm2210_framework_1\base\source\sword.cpp(19): warning C4305: '=': truncation from 'double' to 'float'
d:\github\sp3\dm2210_framework_1\base\source\sword.cpp(21): warning C4305: '=': truncation from 'double' to 'float'
  Utility.cpp
  Weapons.cpp
d:\github\sp3\dm2210_framework_1\base\source\weapons.cpp(19): warning C4305: 'initializing': truncation from 'double' to 'float'
d:\github\sp3\dm2210_framework_1\base\source\weapons.cpp(41): warning C4244: '+=': conversion from 'double' to 'float', possible loss of data
d:\github\sp3\dm2210_framework_1\base\source\weapons.cpp(42): warning C4244: '+=': conversion from 'double' to 'float', possible loss of data
d:\github\sp3\dm2210_framework_1\base\source\weapons.cpp(52): warning C4018: '<': signed/unsigned mismatch
d:\github\sp3\dm2210_framework_1\base\source\weapons.cpp(125): warning C4244: '+=': conversion from 'double' to 'float', possible loss of data
d:\github\sp3\dm2210_framework_1\base\source\weapons.cpp(126): warning C4244: '+=': conversion from 'double' to 'float', possible loss of data
d:\github\sp3\dm2210_framework_1\base\source\weapons.cpp(137): warning C4018: '<': signed/unsigned mismatch
d:\github\sp3\dm2210_framework_1\base\source\weapons.cpp(217): warning C4244: '+=': conversion from 'double' to 'float', possible loss of data
d:\github\sp3\dm2210_framework_1\base\source\weapons.cpp(218): warning C4244: '+=': conversion from 'double' to 'float', possible loss of data
d:\github\sp3\dm2210_framework_1\base\source\weapons.cpp(228): warning C4018: '<': signed/unsigned mismatch
d:\github\sp3\dm2210_framework_1\base\source\weapons.cpp(281): warning C4244: '+=': conversion from 'double' to 'float', possible loss of data
d:\github\sp3\dm2210_framework_1\base\source\weapons.cpp(282): warning C4244: '+=': conversion from 'double' to 'float', possible loss of data
d:\github\sp3\dm2210_framework_1\base\source\weapons.cpp(293): warning C4018: '<': signed/unsigned mismatch
d:\github\sp3\dm2210_framework_1\base\source\weapons.cpp(359): warning C4244: '+=': conversion from 'double' to 'float', possible loss of data
d:\github\sp3\dm2210_framework_1\base\source\weapons.cpp(360): warning C4244: '+=': conversion from 'double' to 'float', possible loss of data
d:\github\sp3\dm2210_framework_1\base\source\weapons.cpp(376): warning C4244: '=': conversion from 'int' to 'float', possible loss of data
d:\github\sp3\dm2210_framework_1\base\source\weapons.cpp(377): warning C4244: '=': conversion from 'int' to 'float', possible loss of data
d:\github\sp3\dm2210_framework_1\base\source\weapons.cpp(383): warning C4244: '=': conversion from 'int' to 'float', possible loss of data
d:\github\sp3\dm2210_framework_1\base\source\weapons.cpp(384): warning C4244: '=': conversion from 'int' to 'float', possible loss of data
d:\github\sp3\dm2210_framework_1\base\source\weapons.cpp(390): warning C4244: '=': conversion from 'int' to 'float', possible loss of data
d:\github\sp3\dm2210_framework_1\base\source\weapons.cpp(391): warning C4244: '=': conversion from 'int' to 'float', possible loss of data
d:\github\sp3\dm2210_framework_1\base\source\weapons.cpp(397): warning C4244: '=': conversion from 'int' to 'float', possible loss of data
d:\github\sp3\dm2210_framework_1\base\source\weapons.cpp(398): warning C4244: '=': conversion from 'int' to 'float', possible loss of data
d:\github\sp3\dm2210_framework_1\base\source\weapons.cpp(404): warning C4244: '=': conversion from 'int' to 'float', possible loss of data
d:\github\sp3\dm2210_framework_1\base\source\weapons.cpp(405): warning C4244: '=': conversion from 'int' to 'float', possible loss of data
d:\github\sp3\dm2210_framework_1\base\source\weapons.cpp(410): warning C4244: '=': conversion from 'int' to 'float', possible loss of data
d:\github\sp3\dm2210_framework_1\base\source\weapons.cpp(411): warning C4244: '=': conversion from 'int' to 'float', possible loss of data
d:\github\sp3\dm2210_framework_1\base\source\weapons.cpp(417): warning C4244: '=': conversion from 'int' to 'float', possible loss of data
d:\github\sp3\dm2210_framework_1\base\source\weapons.cpp(418): warning C4244: '=': conversion from 'int' to 'float', possible loss of data
d:\github\sp3\dm2210_framework_1\base\source\weapons.cpp(424): warning C4244: '=': conversion from 'int' to 'float', possible loss of data
d:\github\sp3\dm2210_framework_1\base\source\weapons.cpp(425): warning C4244: '=': conversion from 'int' to 'float', possible loss of data
d:\github\sp3\dm2210_framework_1\base\source\weapons.cpp(431): warning C4244: '=': conversion from 'int' to 'float', possible loss of data
d:\github\sp3\dm2210_framework_1\base\source\weapons.cpp(432): warning C4244: '=': conversion from 'int' to 'float', possible loss of data
d:\github\sp3\dm2210_framework_1\base\source\weapons.cpp(437): warning C4244: '=': conversion from 'int' to 'float', possible loss of data
d:\github\sp3\dm2210_framework_1\base\source\weapons.cpp(438): warning C4244: '=': conversion from 'int' to 'float', possible loss of data
d:\github\sp3\dm2210_framework_1\base\source\weapons.cpp(444): warning C4244: '=': conversion from 'int' to 'float', possible loss of data
d:\github\sp3\dm2210_framework_1\base\source\weapons.cpp(445): warning C4244: '=': conversion from 'int' to 'float', possible loss of data
d:\github\sp3\dm2210_framework_1\base\source\weapons.cpp(451): warning C4244: '=': conversion from 'int' to 'float', possible loss of data
d:\github\sp3\dm2210_framework_1\base\source\weapons.cpp(452): warning C4244: '=': conversion from 'int' to 'float', possible loss of data
d:\github\sp3\dm2210_framework_1\base\source\weapons.cpp(504): warning C4244: '+=': conversion from 'double' to 'float', possible loss of data
d:\github\sp3\dm2210_framework_1\base\source\weapons.cpp(505): warning C4244: '+=': conversion from 'double' to 'float', possible loss of data
d:\github\sp3\dm2210_framework_1\base\source\weapons.cpp(521): warning C4244: '=': conversion from 'int' to 'float', possible loss of data
d:\github\sp3\dm2210_framework_1\base\source\weapons.cpp(522): warning C4244: '=': conversion from 'int' to 'float', possible loss of data
d:\github\sp3\dm2210_framework_1\base\source\weapons.cpp(528): warning C4244: '=': conversion from 'int' to 'float', possible loss of data
d:\github\sp3\dm2210_framework_1\base\source\weapons.cpp(529): warning C4244: '=': conversion from 'int' to 'float', possible loss of data
d:\github\sp3\dm2210_framework_1\base\source\weapons.cpp(535): warning C4244: '=': conversion from 'int' to 'float', possible loss of data
d:\github\sp3\dm2210_framework_1\base\source\weapons.cpp(536): warning C4244: '=': conversion from 'int' to 'float', possible loss of data
d:\github\sp3\dm2210_framework_1\base\source\weapons.cpp(542): warning C4244: '=': conversion from 'int' to 'float', possible loss of data
d:\github\sp3\dm2210_framework_1\base\source\weapons.cpp(543): warning C4244: '=': conversion from 'int' to 'float', possible loss of data
d:\github\sp3\dm2210_framework_1\base\source\weapons.cpp(549): warning C4244: '=': conversion from 'int' to 'float', possible loss of data
d:\github\sp3\dm2210_framework_1\base\source\weapons.cpp(550): warning C4244: '=': conversion from 'int' to 'float', possible loss of data
d:\github\sp3\dm2210_framework_1\base\source\weapons.cpp(555): warning C4244: '=': conversion from 'int' to 'float', possible loss of data
d:\github\sp3\dm2210_framework_1\base\source\weapons.cpp(556): warning C4244: '=': conversion from 'int' to 'float', possible loss of data
d:\github\sp3\dm2210_framework_1\base\source\weapons.cpp(562): warning C4244: '=': conversion from 'int' to 'float', possible loss of data
d:\github\sp3\dm2210_framework_1\base\source\weapons.cpp(563): warning C4244: '=': conversion from 'int' to 'float', possible loss of data
d:\github\sp3\dm2210_framework_1\base\source\weapons.cpp(569): warning C4244: '=': conversion from 'int' to 'float', possible loss of data
d:\github\sp3\dm2210_framework_1\base\source\weapons.cpp(570): warning C4244: '=': conversion from 'int' to 'float', possible loss of data
d:\github\sp3\dm2210_framework_1\base\source\weapons.cpp(576): warning C4244: '=': conversion from 'int' to 'float', possible loss of data
d:\github\sp3\dm2210_framework_1\base\source\weapons.cpp(577): warning C4244: '=': conversion from 'int' to 'float', possible loss of data
d:\github\sp3\dm2210_framework_1\base\source\weapons.cpp(582): warning C4244: '=': conversion from 'int' to 'float', possible loss of data
d:\github\sp3\dm2210_framework_1\base\source\weapons.cpp(583): warning C4244: '=': conversion from 'int' to 'float', possible loss of data
d:\github\sp3\dm2210_framework_1\base\source\weapons.cpp(589): warning C4244: '=': conversion from 'int' to 'float', possible loss of data
d:\github\sp3\dm2210_framework_1\base\source\weapons.cpp(590): warning C4244: '=': conversion from 'int' to 'float', possible loss of data
d:\github\sp3\dm2210_framework_1\base\source\weapons.cpp(596): warning C4244: '=': conversion from 'int' to 'float', possible loss of data
d:\github\sp3\dm2210_framework_1\base\source\weapons.cpp(597): warning C4244: '=': conversion from 'int' to 'float', possible loss of data
d:\github\sp3\dm2210_framework_1\base\source\weapons.cpp(651): warning C4018: '<': signed/unsigned mismatch
  Generating Code...
Application.obj : warning LNK4075: ignoring '/EDITANDCONTINUE' due to '/INCREMENTAL:NO' specification
LINK : warning LNK4098: defaultlib 'MSVCRT' conflicts with use of other libs; use /NODEFAULTLIB:library
  Base.vcxproj -> D:\Github\SP3\DM2210_Framework_1\Debug\Base.exe
